<?xml version="1.0" encoding="UTF-8"?>
<robot generator="Robot 3.2.1 (Python 3.8.5 on win32)" generated="20201013 19:15:26.603" rpa="false">
<suite id="s1" name="KeyWordTesteSuite5" source="C:\Users\LOTFI\Desktop\projet robotframework\ResourcesProject\TestCases\KeyWordTesteSuite5.robot">
<test id="s1-t1" name="CT_001">
<kw name="open Broser and maximize" library="ressource4" type="setup">
<kw name="Open Browser" library="SeleniumLibrary">
<doc>Opens a new browser instance to the optional ``url``.</doc>
<arguments>
<arg>${Url}</arg>
<arg>${Browser}</arg>
</arguments>
<msg timestamp="20201013 19:15:27.060" level="INFO">Opening browser 'gc' to base url 'https://opensource-demo.orangehrmlive.com/index.php/auth/login'.</msg>
<status status="PASS" starttime="20201013 19:15:27.059" endtime="20201013 19:15:32.429"></status>
</kw>
<kw name="Maximize Browser Window" library="SeleniumLibrary">
<doc>Maximizes current browser window.</doc>
<status status="PASS" starttime="20201013 19:15:32.430" endtime="20201013 19:15:34.581"></status>
</kw>
<status status="PASS" starttime="20201013 19:15:27.058" endtime="20201013 19:15:34.582"></status>
</kw>
<kw name="Input Text" library="SeleniumLibrary">
<doc>Types the given ``text`` into the text field identified by ``locator``.</doc>
<arguments>
<arg>id=txtUsername</arg>
<arg>Admin</arg>
</arguments>
<msg timestamp="20201013 19:15:34.583" level="INFO">Typing text 'Admin' into text field 'id=txtUsername'.</msg>
<status status="PASS" starttime="20201013 19:15:34.583" endtime="20201013 19:15:34.785"></status>
</kw>
<kw name="Input Password" library="SeleniumLibrary">
<doc>Types the given password into the text field identified by ``locator``.</doc>
<arguments>
<arg>id=txtPassword</arg>
<arg>admin123</arg>
</arguments>
<msg timestamp="20201013 19:15:34.786" level="INFO">Typing password into text field 'id=txtPassword'.</msg>
<msg timestamp="20201013 19:15:34.876" level="INFO">Temporally setting log level to: NONE</msg>
<msg timestamp="20201013 19:15:34.977" level="INFO">Log level changed from NONE to INFO.</msg>
<status status="PASS" starttime="20201013 19:15:34.786" endtime="20201013 19:15:34.978"></status>
</kw>
<kw name="Click Button" library="SeleniumLibrary">
<doc>Clicks the button identified by ``locator``.</doc>
<arguments>
<arg>id=btnLogin</arg>
</arguments>
<msg timestamp="20201013 19:15:34.979" level="INFO">Clicking button 'id=btnLogin'.</msg>
<status status="PASS" starttime="20201013 19:15:34.978" endtime="20201013 19:15:37.350"></status>
</kw>
<kw name="get title and close browser" library="ressource4" type="teardown">
<kw name="Get Title" library="SeleniumLibrary">
<doc>Returns the title of the current page.</doc>
<assign>
<var>${title}</var>
</assign>
<msg timestamp="20201013 19:15:37.365" level="INFO">${title} = OrangeHRM</msg>
<status status="PASS" starttime="20201013 19:15:37.352" endtime="20201013 19:15:37.365"></status>
</kw>
<kw name="Log To Console" library="BuiltIn">
<doc>Logs the given message to the console.</doc>
<arguments>
<arg>${title}</arg>
</arguments>
<status status="PASS" starttime="20201013 19:15:37.365" endtime="20201013 19:15:37.366"></status>
</kw>
<kw name="Close Browser" library="SeleniumLibrary">
<doc>Closes the current browser.</doc>
<status status="PASS" starttime="20201013 19:15:37.366" endtime="20201013 19:15:39.720"></status>
</kw>
<status status="PASS" starttime="20201013 19:15:37.351" endtime="20201013 19:15:39.720"></status>
</kw>
<status status="PASS" starttime="20201013 19:15:27.057" endtime="20201013 19:15:39.721" critical="yes"></status>
</test>
<test id="s1-t2" name="CT_002">
<kw name="open Broser and maximize" library="ressource4" type="setup">
<kw name="Open Browser" library="SeleniumLibrary">
<doc>Opens a new browser instance to the optional ``url``.</doc>
<arguments>
<arg>${Url}</arg>
<arg>${Browser}</arg>
</arguments>
<msg timestamp="20201013 19:15:39.725" level="INFO">Opening browser 'gc' to base url 'https://opensource-demo.orangehrmlive.com/index.php/auth/login'.</msg>
<status status="PASS" starttime="20201013 19:15:39.724" endtime="20201013 19:15:44.944"></status>
</kw>
<kw name="Maximize Browser Window" library="SeleniumLibrary">
<doc>Maximizes current browser window.</doc>
<status status="PASS" starttime="20201013 19:15:44.945" endtime="20201013 19:15:47.080"></status>
</kw>
<status status="PASS" starttime="20201013 19:15:39.723" endtime="20201013 19:15:47.080"></status>
</kw>
<kw name="Input Text" library="SeleniumLibrary">
<doc>Types the given ``text`` into the text field identified by ``locator``.</doc>
<arguments>
<arg>id=txtUsername</arg>
<arg>Admin</arg>
</arguments>
<msg timestamp="20201013 19:15:47.081" level="INFO">Typing text 'Admin' into text field 'id=txtUsername'.</msg>
<status status="PASS" starttime="20201013 19:15:47.081" endtime="20201013 19:15:47.260"></status>
</kw>
<kw name="Input Password" library="SeleniumLibrary">
<doc>Types the given password into the text field identified by ``locator``.</doc>
<arguments>
<arg>id=txtPassword</arg>
<arg>admin123</arg>
</arguments>
<msg timestamp="20201013 19:15:47.262" level="INFO">Typing password into text field 'id=txtPassword'.</msg>
<msg timestamp="20201013 19:15:47.378" level="INFO">Temporally setting log level to: NONE</msg>
<msg timestamp="20201013 19:15:47.501" level="INFO">Log level changed from NONE to INFO.</msg>
<status status="PASS" starttime="20201013 19:15:47.261" endtime="20201013 19:15:47.501"></status>
</kw>
<kw name="Click Button" library="SeleniumLibrary">
<doc>Clicks the button identified by ``locator``.</doc>
<arguments>
<arg>id=btnLogin</arg>
</arguments>
<msg timestamp="20201013 19:15:47.503" level="INFO">Clicking button 'id=btnLogin'.</msg>
<status status="PASS" starttime="20201013 19:15:47.502" endtime="20201013 19:15:49.597"></status>
</kw>
<kw name="Page Should Contain" library="SeleniumLibrary">
<doc>Verifies that current page contains ``text``.</doc>
<arguments>
<arg>Dashboard</arg>
</arguments>
<msg timestamp="20201013 19:15:49.982" level="INFO">Current page contains text 'Dashboard'.</msg>
<status status="PASS" starttime="20201013 19:15:49.599" endtime="20201013 19:15:49.982"></status>
</kw>
<kw name="get title and close browser" library="ressource4" type="teardown">
<kw name="Get Title" library="SeleniumLibrary">
<doc>Returns the title of the current page.</doc>
<assign>
<var>${title}</var>
</assign>
<msg timestamp="20201013 19:15:50.076" level="INFO">${title} = OrangeHRM</msg>
<status status="PASS" starttime="20201013 19:15:49.984" endtime="20201013 19:15:50.076"></status>
</kw>
<kw name="Log To Console" library="BuiltIn">
<doc>Logs the given message to the console.</doc>
<arguments>
<arg>${title}</arg>
</arguments>
<status status="PASS" starttime="20201013 19:15:50.077" endtime="20201013 19:15:50.077"></status>
</kw>
<kw name="Close Browser" library="SeleniumLibrary">
<doc>Closes the current browser.</doc>
<status status="PASS" starttime="20201013 19:15:50.078" endtime="20201013 19:15:52.370"></status>
</kw>
<status status="PASS" starttime="20201013 19:15:49.984" endtime="20201013 19:15:52.371"></status>
</kw>
<status status="PASS" starttime="20201013 19:15:39.723" endtime="20201013 19:15:52.373" critical="yes"></status>
</test>
<status status="PASS" starttime="20201013 19:15:26.607" endtime="20201013 19:15:52.382"></status>
</suite>
<statistics>
<total>
<stat pass="2" fail="0">Critical Tests</stat>
<stat pass="2" fail="0">All Tests</stat>
</total>
<tag>
</tag>
<suite>
<stat pass="2" fail="0" id="s1" name="KeyWordTesteSuite5">KeyWordTesteSuite5</stat>
</suite>
</statistics>
<errors>
</errors>
</robot>
